#
# There is insufficient memory for the Java Runtime Environment to continue.
# Native memory allocation (malloc) failed to allocate 537680 bytes for Chunk::new
# Possible reasons:
#   The system is out of physical RAM or swap space
#   In 32 bit mode, the process size limit was hit
# Possible solutions:
#   Reduce memory load on the system
#   Increase physical memory or swap space
#   Check if swap backing store is full
#   Use 64 bit Java on a 64 bit OS
#   Decrease Java heap size (-Xmx/-Xms)
#   Decrease number of Java threads
#   Decrease Java thread stack sizes (-Xss)
#   Set larger code cache with -XX:ReservedCodeCacheSize=
# This output file may be truncated or incomplete.
#
#  Out of Memory Error (allocation.cpp:390), pid=9880, tid=0x00000000000012d4
#
# JRE version: Java(TM) SE Runtime Environment (8.0_102-b14) (build 1.8.0_102-b14)
# Java VM: Java HotSpot(TM) 64-Bit Server VM (25.102-b14 mixed mode windows-amd64 compressed oops)
# Failed to write core dump. Minidumps are not enabled by default on client versions of Windows
#

---------------  T H R E A D  ---------------

Current thread (0x0000000016c5f800):  JavaThread "C2 CompilerThread2" daemon [_thread_in_native, id=4820, stack(0x0000000019920000,0x0000000019a20000)]

Stack: [0x0000000019920000,0x0000000019a20000]
[error occurred during error reporting (printing stack bounds), id 0xc0000005]

Native frames: (J=compiled Java code, j=interpreted, Vv=VM code, C=native code)


Current CompileTask:
C2:  33747 7413   !   4       java.nio.file.FileTreeWalker::next (144 bytes)


---------------  P R O C E S S  ---------------

Java Threads: ( => current thread )
  0x000000001a36c000 JavaThread "pool-4-thread-1" [_thread_blocked, id=14204, stack(0x0000000021b90000,0x0000000021c90000)]
  0x000000001a367800 JavaThread "File lock request listener" [_thread_in_native, id=19672, stack(0x0000000020300000,0x0000000020400000)]
  0x000000001b009000 JavaThread "Stdin handler" [_thread_blocked, id=21024, stack(0x000000001c600000,0x000000001c700000)]
  0x000000001a452800 JavaThread "Asynchronous log dispatcher for org.gradle.launcher.daemon.server.DefaultDaemonConnection@74fb731" [_thread_blocked, id=3632, stack(0x000000001c470000,0x000000001c570000)]
  0x000000001a451000 JavaThread "Daemon worker" [_thread_in_native, id=18436, stack(0x000000001c2c0000,0x000000001c3c0000)]
  0x000000001afcc800 JavaThread "Cancel handler" [_thread_blocked, id=15724, stack(0x000000001bca0000,0x000000001bda0000)]
  0x000000001ad60000 JavaThread "Handler for socket connection from /127.0.0.1:57299 to /127.0.0.1:57306" [_thread_in_native, id=8372, stack(0x000000001bff0000,0x000000001c0f0000)]
  0x000000001ad58800 JavaThread "Daemon" [_thread_blocked, id=13412, stack(0x000000001be00000,0x000000001bf00000)]
  0x000000001a5a8800 JavaThread "Incoming local TCP Connector on port 57299" [_thread_in_native, id=17752, stack(0x0000000019c40000,0x0000000019d40000)]
  0x0000000017f01800 JavaThread "pool-1-thread-1" [_thread_blocked, id=19292, stack(0x000000001b950000,0x000000001ba50000)]
  0x0000000017eb0800 JavaThread "Service Thread" daemon [_thread_blocked, id=19560, stack(0x0000000019d50000,0x0000000019e50000)]
  0x0000000017e77000 JavaThread "C1 CompilerThread3" daemon [_thread_blocked, id=16452, stack(0x0000000019ad0000,0x0000000019bd0000)]
=>0x0000000016c5f800 JavaThread "C2 CompilerThread2" daemon [_thread_in_native, id=4820, stack(0x0000000019920000,0x0000000019a20000)]
  0x0000000017e1e000 JavaThread "C2 CompilerThread1" daemon [_thread_blocked, id=15128, stack(0x0000000019740000,0x0000000019840000)]
  0x0000000017e18000 JavaThread "C2 CompilerThread0" daemon [_thread_blocked, id=17960, stack(0x0000000018d70000,0x0000000018e70000)]
  0x0000000017e17000 JavaThread "Attach Listener" daemon [_thread_blocked, id=18764, stack(0x0000000019620000,0x0000000019720000)]
  0x0000000017e15800 JavaThread "Signal Dispatcher" daemon [_thread_blocked, id=19584, stack(0x00000000194c0000,0x00000000195c0000)]
  0x0000000016c51800 JavaThread "Finalizer" daemon [_thread_blocked, id=5468, stack(0x00000000191b0000,0x00000000192b0000)]
  0x0000000016c4a000 JavaThread "Reference Handler" daemon [_thread_blocked, id=9852, stack(0x00000000190b0000,0x00000000191b0000)]
  0x00000000023d8000 JavaThread "main" [_thread_blocked, id=17120, stack(0x00000000026a0000,0x00000000027a0000)]

Other Threads:
  0x0000000017dc2800 VMThread [stack: 0x0000000018ef0000,0x0000000018ff0000] [id=18784]
  0x0000000017e9c800 WatcherThread [stack: 0x0000000019e80000,0x0000000019f80000] [id=11808]

VM state:not at safepoint (normal execution)

VM Mutex/Monitor currently owned by a thread: None

Heap:
 PSYoungGen      total 251904K, used 127666K [0x00000000e0000000, 0x00000000fbe80000, 0x0000000100000000)
  eden space 239104K, 48% used [0x00000000e0000000,0x00000000e702fd80,0x00000000ee980000)
  from space 12800K, 99% used [0x00000000ee980000,0x00000000ef5fcc90,0x00000000ef600000)
  to   space 17920K, 0% used [0x00000000fad00000,0x00000000fad00000,0x00000000fbe80000)
 ParOldGen       total 101888K, used 22734K [0x00000000a0000000, 0x00000000a6380000, 0x00000000e0000000)
  object space 101888K, 22% used [0x00000000a0000000,0x00000000a1633ae0,0x00000000a6380000)
 Metaspace       used 50698K, capacity 52058K, committed 52352K, reserved 1093632K
  class space    used 6907K, capacity 7245K, committed 7296K, reserved 1048576K

Card table byte_map: [0x0000000011e30000,0x0000000012140000] byte_map_base: 0x0000000011930000

Marking Bits: (ParMarkBitMap*) 0x0000000070afa6c0
 Begin Bits: [0x0000000012f60000, 0x0000000014760000)
 End Bits:   [0x0000000014760000, 0x0000000015f60000)

Polling page: 0x0000000000380000

CodeCache: size=245760Kb used=22490Kb max_used=22706Kb free=223269Kb
 bounds [0x0000000002a70000, 0x00000000040e0000, 0x0000000011a70000]
 total_blobs=7177 nmethods=6466 adapters=622
 compilation: enabled

Compilation events (10 events):
Event: 33.510 Thread 0x0000000017e77000 nmethod 7411 0x00000000040b1a90 code [0x00000000040b1be0, 0x00000000040b1dd0]
Event: 33.514 Thread 0x0000000017e77000 7412       3       org.gradle.api.internal.file.collections.jdk7.Jdk7DirectoryWalker$1::getFileVisitDetails (113 bytes)
Event: 33.515 Thread 0x0000000016c5f800 7413   !   4       java.nio.file.FileTreeWalker::next (144 bytes)
Event: 33.515 Thread 0x0000000017e1e000 7414       4       java.util.ArrayDeque::peek (5 bytes)
Event: 33.515 Thread 0x0000000017e18000 7415       4       java.util.ArrayDeque::peekFirst (10 bytes)
Event: 33.516 Thread 0x0000000017e1e000 nmethod 7414 0x0000000003338350 code [0x0000000003338480, 0x0000000003338518]
Event: 33.516 Thread 0x0000000017e18000 nmethod 7415 0x0000000003514910 code [0x0000000003514a40, 0x0000000003514ad8]
Event: 33.516 Thread 0x0000000017e77000 nmethod 7412 0x0000000002f2ab10 code [0x0000000002f2ad80, 0x0000000002f2be18]
Event: 33.557 Thread 0x0000000017e77000 7416       3       com.android.utils.FileUtils::deletePath (48 bytes)
Event: 33.558 Thread 0x0000000017e77000 nmethod 7416 0x0000000003142290 code [0x00000000031425a0, 0x0000000003143e78]

GC Heap History (10 events):
Event: 12.852 GC heap before
{Heap before GC invocations=5 (full 1):
 PSYoungGen      total 75264K, used 64512K [0x00000000e0000000, 0x00000000e9300000, 0x0000000100000000)
  eden space 64512K, 100% used [0x00000000e0000000,0x00000000e3f00000,0x00000000e3f00000)
  from space 10752K, 0% used [0x00000000e3f00000,0x00000000e3f00000,0x00000000e4980000)
  to   space 10752K, 0% used [0x00000000e8880000,0x00000000e8880000,0x00000000e9300000)
 ParOldGen       total 78848K, used 7587K [0x00000000a0000000, 0x00000000a4d00000, 0x00000000e0000000)
  object space 78848K, 9% used [0x00000000a0000000,0x00000000a0768d28,0x00000000a4d00000)
 Metaspace       used 25756K, capacity 26178K, committed 26368K, reserved 1071104K
  class space    used 3633K, capacity 3767K, committed 3840K, reserved 1048576K
Event: 12.977 GC heap after
Heap after GC invocations=5 (full 1):
 PSYoungGen      total 132096K, used 7152K [0x00000000e0000000, 0x00000000e8f80000, 0x0000000100000000)
  eden space 124928K, 0% used [0x00000000e0000000,0x00000000e0000000,0x00000000e7a00000)
  from space 7168K, 99% used [0x00000000e8880000,0x00000000e8f7c008,0x00000000e8f80000)
  to   space 10752K, 0% used [0x00000000e7a80000,0x00000000e7a80000,0x00000000e8500000)
 ParOldGen       total 78848K, used 7595K [0x00000000a0000000, 0x00000000a4d00000, 0x00000000e0000000)
  object space 78848K, 9% used [0x00000000a0000000,0x00000000a076ad28,0x00000000a4d00000)
 Metaspace       used 25756K, capacity 26178K, committed 26368K, reserved 1071104K
  class space    used 3633K, capacity 3767K, committed 3840K, reserved 1048576K
}
Event: 15.675 GC heap before
{Heap before GC invocations=6 (full 1):
 PSYoungGen      total 132096K, used 132080K [0x00000000e0000000, 0x00000000e8f80000, 0x0000000100000000)
  eden space 124928K, 100% used [0x00000000e0000000,0x00000000e7a00000,0x00000000e7a00000)
  from space 7168K, 99% used [0x00000000e8880000,0x00000000e8f7c008,0x00000000e8f80000)
  to   space 10752K, 0% used [0x00000000e7a80000,0x00000000e7a80000,0x00000000e8500000)
 ParOldGen       total 78848K, used 7595K [0x00000000a0000000, 0x00000000a4d00000, 0x00000000e0000000)
  object space 78848K, 9% used [0x00000000a0000000,0x00000000a076ad28,0x00000000a4d00000)
 Metaspace       used 32133K, capacity 32674K, committed 33152K, reserved 1077248K
  class space    used 4454K, capacity 4612K, committed 4736K, reserved 1048576K
Event: 15.689 GC heap after
Heap after GC invocations=6 (full 1):
 PSYoungGen      total 136192K, used 10209K [0x00000000e0000000, 0x00000000f0300000, 0x0000000100000000)
  eden space 125440K, 0% used [0x00000000e0000000,0x00000000e0000000,0x00000000e7a80000)
  from space 10752K, 94% used [0x00000000e7a80000,0x00000000e84787c0,0x00000000e8500000)
  to   space 13312K, 0% used [0x00000000ef600000,0x00000000ef600000,0x00000000f0300000)
 ParOldGen       total 78848K, used 7675K [0x00000000a0000000, 0x00000000a4d00000, 0x00000000e0000000)
  object space 78848K, 9% used [0x00000000a0000000,0x00000000a077ed50,0x00000000a4d00000)
 Metaspace       used 32133K, capacity 32674K, committed 33152K, reserved 1077248K
  class space    used 4454K, capacity 4612K, committed 4736K, reserved 1048576K
}
Event: 16.236 GC heap before
{Heap before GC invocations=7 (full 1):
 PSYoungGen      total 136192K, used 60131K [0x00000000e0000000, 0x00000000f0300000, 0x0000000100000000)
  eden space 125440K, 39% used [0x00000000e0000000,0x00000000e30c0608,0x00000000e7a80000)
  from space 10752K, 94% used [0x00000000e7a80000,0x00000000e84787c0,0x00000000e8500000)
  to   space 13312K, 0% used [0x00000000ef600000,0x00000000ef600000,0x00000000f0300000)
 ParOldGen       total 78848K, used 7675K [0x00000000a0000000, 0x00000000a4d00000, 0x00000000e0000000)
  object space 78848K, 9% used [0x00000000a0000000,0x00000000a077ed50,0x00000000a4d00000)
 Metaspace       used 34503K, capacity 35120K, committed 35456K, reserved 1079296K
  class space    used 4752K, capacity 4911K, committed 4992K, reserved 1048576K
Event: 16.259 GC heap after
Heap after GC invocations=7 (full 1):
 PSYoungGen      total 252416K, used 8435K [0x00000000e0000000, 0x00000000f0300000, 0x0000000100000000)
  eden space 239104K, 0% used [0x00000000e0000000,0x00000000e0000000,0x00000000ee980000)
  from space 13312K, 63% used [0x00000000ef600000,0x00000000efe3cea8,0x00000000f0300000)
  to   space 12800K, 0% used [0x00000000ee980000,0x00000000ee980000,0x00000000ef600000)
 ParOldGen       total 78848K, used 7683K [0x00000000a0000000, 0x00000000a4d00000, 0x00000000e0000000)
  object space 78848K, 9% used [0x00000000a0000000,0x00000000a0780d50,0x00000000a4d00000)
 Metaspace       used 34503K, capacity 35120K, committed 35456K, reserved 1079296K
  class space    used 4752K, capacity 4911K, committed 4992K, reserved 1048576K
}
Event: 16.259 GC heap before
{Heap before GC invocations=8 (full 2):
 PSYoungGen      total 252416K, used 8435K [0x00000000e0000000, 0x00000000f0300000, 0x0000000100000000)
  eden space 239104K, 0% used [0x00000000e0000000,0x00000000e0000000,0x00000000ee980000)
  from space 13312K, 63% used [0x00000000ef600000,0x00000000efe3cea8,0x00000000f0300000)
  to   space 12800K, 0% used [0x00000000ee980000,0x00000000ee980000,0x00000000ef600000)
 ParOldGen       total 78848K, used 7683K [0x00000000a0000000, 0x00000000a4d00000, 0x00000000e0000000)
  object space 78848K, 9% used [0x00000000a0000000,0x00000000a0780d50,0x00000000a4d00000)
 Metaspace       used 34503K, capacity 35120K, committed 35456K, reserved 1079296K
  class space    used 4752K, capacity 4911K, committed 4992K, reserved 1048576K
Event: 16.387 GC heap after
Heap after GC invocations=8 (full 2):
 PSYoungGen      total 252416K, used 0K [0x00000000e0000000, 0x00000000f0300000, 0x0000000100000000)
  eden space 239104K, 0% used [0x00000000e0000000,0x00000000e0000000,0x00000000ee980000)
  from space 13312K, 0% used [0x00000000ef600000,0x00000000ef600000,0x00000000f0300000)
  to   space 12800K, 0% used [0x00000000ee980000,0x00000000ee980000,0x00000000ef600000)
 ParOldGen       total 101888K, used 15319K [0x00000000a0000000, 0x00000000a6380000, 0x00000000e0000000)
  object space 101888K, 15% used [0x00000000a0000000,0x00000000a0ef5ff8,0x00000000a6380000)
 Metaspace       used 34503K, capacity 35120K, committed 35456K, reserved 1079296K
  class space    used 4752K, capacity 4911K, committed 4992K, reserved 1048576K
}
Event: 24.947 GC heap before
{Heap before GC invocations=9 (full 2):
 PSYoungGen      total 252416K, used 239104K [0x00000000e0000000, 0x00000000f0300000, 0x0000000100000000)
  eden space 239104K, 100% used [0x00000000e0000000,0x00000000ee980000,0x00000000ee980000)
  from space 13312K, 0% used [0x00000000ef600000,0x00000000ef600000,0x00000000f0300000)
  to   space 12800K, 0% used [0x00000000ee980000,0x00000000ee980000,0x00000000ef600000)
 ParOldGen       total 101888K, used 15319K [0x00000000a0000000, 0x00000000a6380000, 0x00000000e0000000)
  object space 101888K, 15% used [0x00000000a0000000,0x00000000a0ef5ff8,0x00000000a6380000)
 Metaspace       used 47721K, capacity 48982K, committed 49152K, reserved 1091584K
  class space    used 6547K, capacity 6871K, committed 6912K, reserved 1048576K
Event: 25.217 GC heap after
Heap after GC invocations=9 (full 2):
 PSYoungGen      total 251904K, used 12787K [0x00000000e0000000, 0x00000000fbe80000, 0x0000000100000000)
  eden space 239104K, 0% used [0x00000000e0000000,0x00000000e0000000,0x00000000ee980000)
  from space 12800K, 99% used [0x00000000ee980000,0x00000000ef5fcc90,0x00000000ef600000)
  to   space 17920K, 0% used [0x00000000fad00000,0x00000000fad00000,0x00000000fbe80000)
 ParOldGen       total 101888K, used 22734K [0x00000000a0000000, 0x00000000a6380000, 0x00000000e0000000)
  object space 101888K, 22% used [0x00000000a0000000,0x00000000a1633ae0,0x00000000a6380000)
 Metaspace       used 47721K, capacity 48982K, committed 49152K, reserved 1091584K
  class space    used 6547K, capacity 6871K, committed 6912K, reserved 1048576K
}

Deoptimization events (10 events):
Event: 33.218 Thread 0x000000001a36d800 Uncommon trap: reason=unstable_if action=reinterpret pc=0x000000000356654c method=java.util.concurrent.locks.ReentrantLock$Sync.nonfairTryAcquire(I)Z @ 34
Event: 33.222 Thread 0x000000001a369000 Uncommon trap: reason=unstable_if action=reinterpret pc=0x0000000003547f34 method=java.util.HashMap$HashIterator.<init>(Ljava/util/HashMap;)V @ 45
Event: 33.223 Thread 0x000000001a369000 Uncommon trap: reason=unstable_if action=reinterpret pc=0x00000000033aeb10 method=java.util.concurrent.atomic.AtomicBoolean.get()Z @ 4
Event: 33.236 Thread 0x000000001a451000 Uncommon trap: reason=unstable_if action=reinterpret pc=0x000000000402f1b4 method=com.sun.org.apache.xerces.internal.dom.DeferredDocumentImpl.ensureCapacity(I)V @ 4
Event: 33.238 Thread 0x000000001a451000 Uncommon trap: reason=unloaded action=reinterpret pc=0x0000000004043088 method=com.sun.org.apache.xerces.internal.dom.DeferredDocumentImpl.getNodeObject(I)Lcom/sun/org/apache/xerces/internal/dom/DeferredNode; @ 205
Event: 33.442 Thread 0x000000001a451000 Uncommon trap: reason=class_check action=maybe_recompile pc=0x00000000038444e8 method=sun.nio.fs.WindowsPath.equals(Ljava/lang/Object;)Z @ 13
Event: 33.442 Thread 0x000000001a451000 Uncommon trap: reason=class_check action=maybe_recompile pc=0x00000000038444e8 method=sun.nio.fs.WindowsPath.equals(Ljava/lang/Object;)Z @ 13
Event: 33.443 Thread 0x000000001a451000 Uncommon trap: reason=class_check action=maybe_recompile pc=0x00000000038444e8 method=sun.nio.fs.WindowsPath.equals(Ljava/lang/Object;)Z @ 13
Event: 33.444 Thread 0x000000001a451000 Uncommon trap: reason=class_check action=maybe_recompile pc=0x00000000038444e8 method=sun.nio.fs.WindowsPath.equals(Ljava/lang/Object;)Z @ 13
Event: 33.527 Thread 0x000000001a451000 Uncommon trap: reason=class_check action=maybe_recompile pc=0x0000000003450910 method=java.io.Writer.write(Ljava/lang/String;)V @ 7

Internal exceptions (10 events):
Event: 24.151 Thread 0x000000001a451000 Exception <a 'java/lang/ClassNotFoundException': org/gradle/platform/base/BinaryContainer_ImplCustomizer> (0x00000000ee27bc60) thrown at [C:\re\workspace\8-2-build-windows-amd64-cygwin\jdk8u102\7268\hotspot\src\share\vm\classfile\systemDictionary.cpp, line”k#ôã8@
Event: 24.887 Thread 0x000000001a451000 Exception <a 'java/lang/NoSuchMethodError': <clinit>> (0x00000000ee73d3a8) thrown at [C:\re\workspace\8-2-build-windows-amd64-cygwin\jdk8u102\7268\hotspot\src\share\vm\prims\jni.cpp, line 1613]
Event: 24.889 Thread 0x000000001a451000 Exception <a 'java/lang/NoSuchMethodError': <clinit>> (0x00000000ee74a390) thrown at [C:\re\workspace\8-2-build-windows-amd64-cygwin\jdk8u102\7268\hotspot\src\share\vm\prims\jni.cpp, line 1613]
Event: 24.919 Thread 0x000000001a451000 Exception <a 'java/lang/NoSuchMethodError': <clinit>> (0x00000000ee91ecd0) thrown at [C:\re\workspace\8-2-build-windows-amd64-cygwin\jdk8u102\7268\hotspot\src\share\vm\prims\jni.cpp, line 1613]
Event: 24.920 Thread 0x000000001a451000 Exception <a 'java/lang/NoSuchMethodError': <clinit>> (0x00000000ee9374e0) thrown at [C:\re\workspace\8-2-build-windows-amd64-cygwin\jdk8u102\7268\hotspot\src\share\vm\prims\jni.cpp, line 1613]
Event: 24.920 Thread 0x000000001a451000 Exception <a 'java/lang/NoSuchMethodError': <clinit>> (0x00000000ee9389f8) thrown at [C:\re\workspace\8-2-build-windows-amd64-cygwin\jdk8u102\7268\hotspot\src\share\vm\prims\jni.cpp, line 1613]
Event: 27.065 Thread 0x000000001a451000 Implicit null exception at 0x0000000003fdc2da to 0x0000000003fdc32d
Event: 27.874 Thread 0x000000001a451000 Implicit null exception at 0x00000000039135d7 to 0x000000000391371b
Event: 27.915 Thread 0x000000001a451000 Implicit null exception at 0x0000000002f1a610 to 0x0000000002f1a641
Event: 33.236 Thread 0x000000001a451000 Implicit null exception at 0x000000000402d75d to 0x000000000402f1a0

Events (10 events):
Event: 33.443 Thread 0x000000001a451000 DEOPT PACKING pc=0x00000000038444e8 sp=0x000000001c3bc860
Event: 33.443 Thread 0x000000001a451000 DEOPT UNPACKING pc=0x0000000002ab582a sp=0x000000001c3bc618 mode 2
Event: 33.443 Thread 0x000000001a451000 Uncommon trap: trap_request=0xffffffde fr.pc=0x00000000038444e8
Event: 33.444 Thread 0x000000001a451000 DEOPT PACKING pc=0x00000000038444e8 sp=0x000000001c3bc860
Event: 33.444 Thread 0x000000001a451000 DEOPT UNPACKING pc=0x0000000002ab582a sp=0x000000001c3bc618 mode 2
Event: 33.503 loading class org/gradle/api/internal/file/AbstractFileTree$2
Event: 33.503 loading class org/gradle/api/internal/file/AbstractFileTree$2 done
Event: 33.527 Thread 0x000000001a451000 Uncommon trap: trap_request=0xffffffde fr.pc=0x0000000003450910
Event: 33.527 Thread 0x000000001a451000 DEOPT PACKING pc=0x0000000003450910 sp=0x000000001c3bc3f0
Event: 33.527 Thread 0x000000001a451000 DEOPT UNPACKING pc=0x0000000002ab582a sp=0x000000001c3bc3c0 mode 2


Dynamic libraries:
0x000000013fbd0000 - 0x000000013fc07000 	C:\Program Files\Java\jdk1.8.0_102\bin\java.exe
0x0000000077040000 - 0x00000000771ea000 	C:\windows\SYSTEM32\ntdll.dll
0x0000000076e20000 - 0x0000000076f3f000 	C:\windows\system32\kernel32.dll
0x000007fefcd90000 - 0x000007fefcdfa000 	C:\windows\system32\KERNELBASE.dll
0x000007fefd400000 - 0x000007fefd4db000 	C:\windows\system32\ADVAPI32.dll
0x000007feff080000 - 0x000007feff11f000 	C:\windows\system32\msvcrt.dll
0x000007fefd9c0000 - 0x000007fefd9df000 	C:\windows\SYSTEM32\sechost.dll
0x000007fefee70000 - 0x000007fefef9d000 	C:\windows\system32\RPCRT4.dll
0x0000000076f40000 - 0x000000007703a000 	C:\windows\system32\USER32.dll
0x000007fefd700000 - 0x000007fefd767000 	C:\windows\system32\GDI32.dll
0x000007feff1d0000 - 0x000007feff1de000 	C:\windows\system32\LPK.dll
0x000007feff1e0000 - 0x000007feff2aa000 	C:\windows\system32\USP10.dll
0x000007fefaa60000 - 0x000007fefac54000 	C:\windows\WinSxS\amd64_microsoft.windows.common-controls_6595b64144ccf1df_6.0.7601.18837_none_fa3b1e3d17594757\COMCTL32.dll
0x000007fefdb70000 - 0x000007fefdbe1000 	C:\windows\system32\SHLWAPI.dll
0x000007fefd670000 - 0x000007fefd69e000 	C:\windows\system32\IMM32.DLL
0x000007fefd560000 - 0x000007fefd669000 	C:\windows\system32\MSCTF.dll
0x000007feeaa10000 - 0x000007feeaab7000 	C:\Program Files\McAfee\Host Intrusion Prevention\HcApi.dll
0x000000006f9b0000 - 0x000000006f9bb000 	C:\Program Files\McAfee\Host Intrusion Prevention\HcThe.dll
0x0000000051180000 - 0x0000000051251000 	C:\Program Files\Java\jdk1.8.0_102\jre\bin\msvcr100.dll
0x00000000702e0000 - 0x0000000070b7a000 	C:\Program Files\Java\jdk1.8.0_102\jre\bin\server\jvm.dll
0x000007fef5610000 - 0x000007fef5619000 	C:\windows\system32\WSOCK32.dll
0x000007fefd770000 - 0x000007fefd7bd000 	C:\windows\system32\WS2_32.dll
0x000007feff120000 - 0x000007feff128000 	C:\windows\system32\NSI.dll
0x000007fefa380000 - 0x000007fefa3bb000 	C:\windows\system32\WINMM.dll
0x000007fefc5a0000 - 0x000007fefc5ac000 	C:\windows\system32\VERSION.dll
0x0000000077200000 - 0x0000000077207000 	C:\windows\system32\PSAPI.DLL
0x000000006cb70000 - 0x000000006cb7f000 	C:\Program Files\Java\jdk1.8.0_102\jre\bin\verify.dll
0x000000006a470000 - 0x000000006a499000 	C:\Program Files\Java\jdk1.8.0_102\jre\bin\java.dll
0x000000006c730000 - 0x000000006c746000 	C:\Program Files\Java\jdk1.8.0_102\jre\bin\zip.dll
0x000007fefded0000 - 0x000007fefec59000 	C:\windows\system32\SHELL32.dll
0x00000000192b0000 - 0x00000000194b3000 	C:\windows\system32\ole32.dll
0x000007fefcd80000 - 0x000007fefcd8f000 	C:\windows\system32\profapi.dll
0x000000006c6b0000 - 0x000000006c6ca000 	C:\Program Files\Java\jdk1.8.0_102\jre\bin\net.dll
0x000007fefbfc0000 - 0x000007fefc015000 	C:\windows\system32\mswsock.dll
0x000007fefbfb0000 - 0x000007fefbfb7000 	C:\windows\System32\wship6.dll
0x000000005a990000 - 0x000000005a9a1000 	C:\Program Files\Java\jdk1.8.0_102\jre\bin\nio.dll
0x000007fee8250000 - 0x000007fee8262000 	C:\Users\eswanepo1\.gradle\native\19\windows-amd64\native-platform.dll
0x000007fefc020000 - 0x000007fefc038000 	C:\windows\system32\CRYPTSP.dll
0x000007fefba70000 - 0x000007fefbab7000 	C:\windows\system32\rsaenh.dll
0x000007fefd0f0000 - 0x000007fefd10e000 	C:\windows\system32\USERENV.dll
0x000007fefcbb0000 - 0x000007fefcbbf000 	C:\windows\system32\CRYPTBASE.dll
0x000007fef9f00000 - 0x000007fef9f27000 	C:\windows\system32\IPHLPAPI.DLL
0x000007fef9ef0000 - 0x000007fef9efb000 	C:\windows\system32\WINNSI.DLL
0x000007fef94a0000 - 0x000007fef94b1000 	C:\windows\system32\dhcpcsvc6.DLL
0x000007fef94e0000 - 0x000007fef94f8000 	C:\windows\system32\dhcpcsvc.DLL
0x000000006d6d0000 - 0x000000006d6dd000 	C:\Program Files\Java\jdk1.8.0_102\jre\bin\management.dll
0x000007fefcc60000 - 0x000007fefccb7000 	C:\windows\system32\apphelp.dll

VM Arguments:
jvm_args: -Xmx1536m -Dfile.encoding=windows-1252 -Duser.country=US -Duser.language=en -Duser.variant 
java_command: org.gradle.launcher.daemon.bootstrap.GradleDaemon 2.14.1
java_class_path (initial): C:\Users\eswanepo1\.gradle\wrapper\dists\gradle-2.14.1-all\8bnwg5hd3w55iofp58khbp6yv\gradle-2.14.1\lib\gradle-launcher-2.14.1.jar
Launcher Type: SUN_STANDARD

Environment Variables:
JAVA_HOME=C:\Program Files\Java\jdk1.7.0_79
PATH=C:\ProgramData\Oracle\Java\javapath;C:\Python27\;c:\Program Files\RSA SecurID Token Common;C:\windows\system32;C:\windows;C:\windows\System32\Wbem;C:\windows\System32\WindowsPowerShell\v1.0\;C:\windows\System32\WindowsPowerShell\v1.0\;C:\windows\System32\WindowsPowerShell\v1.0\;C:\Program Files (x86)\Common Files\Check Point\UIFramework 3.0\Bin\;C:\Program Files (x86)\CheckPoint\Endpoint Security\Endpoint Common\bin;C:\Program Files (x86)\WebEx\Productivity Tools;C:\Python27;C:\Program Files (x86)\Inno Setup 5;C:\dev\apache-maven-3.1.1\bin;C:\dev\apache-ant-1.9.7\bin;C:\Program Files\TortoiseSVN\bin;C:\Program Files\Java\jdk1.7.0_79\bin;C:\Program Files (x86)\Microsoft SQL Server\110\Tools\Binn\;C:\Program Files\Microsoft SQL Server\110\Tools\Binn\;C:\Program Files\Microsoft SQL Server\110\DTS\Binn\;C:\Program Files (x86)\Microsoft SQL Server\110\Tools\Binn\ManagementStudio\;C:\Program Files (x86)\Microsoft SQL Server\110\DTS\Binn\;C:\ws\bin;C:\dev\ConEmu;C:\dev\cmd;C:\Program Files (x86)\GtkSharp\2.12\bin;C:\Program Files\Intel\WiFi\bin\;C:\Program Files\Common Files\Intel\WirelessCommon\;
USERNAME=eswanepo1
OS=Windows_NT
PROCESSOR_IDENTIFIER=Intel64 Family 6 Model 60 Stepping 3, GenuineIntel



---------------  S Y S T E M  ---------------

OS: Windows 7 , 64 bit Build 7601 (6.1.7601.23569)

CPU:total 8 (4 cores per cpu, 2 threads per core) family 6 model 60 stepping 3, cmov, cx8, fxsr, mmx, sse, sse2, sse3, ssse3, sse4.1, sse4.2, popcnt, avx, avx2, aes, clmul, erms, lzcnt, ht, tsc, tscinvbit, bmi1, bmi2

Memory: 4k page, physical 16454240k(525068k free), swap 26220824k(4256k free)

vm_info: Java HotSpot(TM) 64-Bit Server VM (25.102-b14) for windows-amd64 JRE (1.8.0_102-b14), built on Jun 22 2016 13:15:21 by "java_re" with MS VC++ 10.0 (VS2010)

time: Thu Nov 24 09:49:07 2016
elapsed time: 33 seconds (0d 0h 0m 33s)

