#
# There is insufficient memory for the Java Runtime Environment to continue.
# Native memory allocation (malloc) failed to allocate 2220192 bytes for Chunk::new
# Possible reasons:
#   The system is out of physical RAM or swap space
#   In 32 bit mode, the process size limit was hit
# Possible solutions:
#   Reduce memory load on the system
#   Increase physical memory or swap space
#   Check if swap backing store is full
#   Use 64 bit Java on a 64 bit OS
#   Decrease Java heap size (-Xmx/-Xms)
#   Decrease number of Java threads
#   Decrease Java thread stack sizes (-Xss)
#   Set larger code cache with -XX:ReservedCodeCacheSize=
# This output file may be truncated or incomplete.
#
#  Out of Memory Error (allocation.cpp:390), pid=16908, tid=0x0000000000001280
#
# JRE version: Java(TM) SE Runtime Environment (8.0_102-b14) (build 1.8.0_102-b14)
# Java VM: Java HotSpot(TM) 64-Bit Server VM (25.102-b14 mixed mode windows-amd64 compressed oops)
# Failed to write core dump. Minidumps are not enabled by default on client versions of Windows
#

---------------  T H R E A D  ---------------

Current thread (0x00000000579e3000):  JavaThread "C2 CompilerThread0" daemon [_thread_in_native, id=4736, stack(0x0000000059340000,0x0000000059440000)]

Stack: [0x0000000059340000,0x0000000059440000]
[error occurred during error reporting (printing stack bounds), id 0xc0000005]

Native frames: (J=compiled Java code, j=interpreted, Vv=VM code, C=native code)


Current CompileTask:
C2:   6543 4028       4       com.sun.beans.TypeResolver::resolve (37 bytes)


---------------  P R O C E S S  ---------------

Java Threads: ( => current thread )
  0x0000000057a12000 JavaThread "File lock request listener" [_thread_in_native, id=18312, stack(0x000000005ed30000,0x000000005ee30000)]
  0x000000005accf800 JavaThread "Stdin handler" [_thread_blocked, id=17752, stack(0x000000005c1f0000,0x000000005c2f0000)]
  0x000000005accf000 JavaThread "Asynchronous log dispatcher for org.gradle.launcher.daemon.server.DefaultDaemonConnection@44629249" [_thread_blocked, id=18272, stack(0x000000005c040000,0x000000005c140000)]
  0x000000005aaff000 JavaThread "Daemon worker" [_thread_in_native, id=10616, stack(0x000000005bf30000,0x000000005c030000)]
  0x000000005ab2d000 JavaThread "Cancel handler" [_thread_blocked, id=12364, stack(0x000000005bcf0000,0x000000005bdf0000)]
  0x000000005a98c800 JavaThread "Handler for socket connection from /127.0.0.1:53391 to /127.0.0.1:53392" [_thread_in_native, id=15060, stack(0x0000000059210000,0x0000000059310000)]
  0x000000005a98b800 JavaThread "Daemon" [_thread_blocked, id=17120, stack(0x000000005bb60000,0x000000005bc60000)]
  0x000000005a744800 JavaThread "Incoming local TCP Connector on port 53391" [_thread_in_native, id=5080, stack(0x000000005b750000,0x000000005b850000)]
  0x000000005a6c9800 JavaThread "pool-1-thread-1" [_thread_blocked, id=17568, stack(0x000000005b550000,0x000000005b650000)]
  0x0000000057a70000 JavaThread "Service Thread" daemon [_thread_blocked, id=13072, stack(0x0000000059950000,0x0000000059a50000)]
  0x0000000057a0e000 JavaThread "C1 CompilerThread3" daemon [_thread_blocked, id=4760, stack(0x0000000059730000,0x0000000059830000)]
  0x0000000057a05800 JavaThread "C2 CompilerThread2" daemon [_thread_in_native, id=12728, stack(0x0000000059510000,0x0000000059610000)]
  0x00000000579e9000 JavaThread "C2 CompilerThread1" daemon [_thread_in_native, id=12404, stack(0x0000000059000000,0x0000000059100000)]
=>0x00000000579e3000 JavaThread "C2 CompilerThread0" daemon [_thread_in_native, id=4736, stack(0x0000000059340000,0x0000000059440000)]
  0x00000000579de000 JavaThread "Attach Listener" daemon [_thread_blocked, id=18152, stack(0x0000000059110000,0x0000000059210000)]
  0x00000000579dc800 JavaThread "Signal Dispatcher" daemon [_thread_blocked, id=10456, stack(0x0000000058ef0000,0x0000000058ff0000)]
  0x0000000056b4e800 JavaThread "Finalizer" daemon [_thread_blocked, id=18400, stack(0x0000000058d60000,0x0000000058e60000)]
  0x0000000056b46800 JavaThread "Reference Handler" daemon [_thread_blocked, id=16784, stack(0x0000000058970000,0x0000000058a70000)]
  0x0000000002348000 JavaThread "main" [_thread_blocked, id=13232, stack(0x0000000002640000,0x0000000002740000)]

Other Threads:
  0x0000000057990800 VMThread [stack: 0x0000000058a70000,0x0000000058b70000] [id=12984]
  0x0000000057aae800 WatcherThread [stack: 0x0000000059a80000,0x0000000059b80000] [id=15464]

VM state:not at safepoint (normal execution)

VM Mutex/Monitor currently owned by a thread: None

Heap:
 PSYoungGen      total 125952K, used 52060K [0x00000000e0000000, 0x00000000e8f80000, 0x0000000100000000)
  eden space 118784K, 43% used [0x00000000e0000000,0x00000000e32d73e0,0x00000000e7400000)
  from space 7168K, 0% used [0x00000000e8880000,0x00000000e8880000,0x00000000e8f80000)
  to   space 10752K, 0% used [0x00000000e7a80000,0x00000000e7a80000,0x00000000e8500000)
 ParOldGen       total 120320K, used 16201K [0x00000000a0000000, 0x00000000a7580000, 0x00000000e0000000)
  object space 120320K, 13% used [0x00000000a0000000,0x00000000a0fd2618,0x00000000a7580000)
 Metaspace       used 36702K, capacity 37464K, committed 37888K, reserved 1081344K
  class space    used 5067K, capacity 5284K, committed 5376K, reserved 1048576K

Card table byte_map: [0x0000000011dd0000,0x00000000120e0000] byte_map_base: 0x00000000118d0000

Marking Bits: (ParMarkBitMap*) 0x000000007060a6c0
 Begin Bits: [0x0000000012e60000, 0x0000000014660000)
 End Bits:   [0x0000000014660000, 0x0000000015e60000)

Polling page: 0x0000000001c00000

CodeCache: size=245760Kb used=15369Kb max_used=15369Kb free=230390Kb
 bounds [0x0000000002a10000, 0x0000000003920000, 0x0000000011a10000]
 total_blobs=4751 nmethods=4081 adapters=581
 compilation: enabled

Compilation events (10 events):
Event: 6.450 Thread 0x0000000057a0e000 4143   !   3       sun.nio.fs.WindowsDirectoryStream::<init> (175 bytes)
Event: 6.451 Thread 0x0000000057a0e000 nmethod 4143 0x00000000039177d0 code [0x0000000003917b00, 0x0000000003919438]
Event: 6.452 Thread 0x0000000057a0e000 4144   !   3       sun.nio.fs.WindowsNativeDispatcher::FindFirstFile (39 bytes)
Event: 6.452 Thread 0x0000000057a0e000 nmethod 4144 0x000000000391a410 code [0x000000000391a5e0, 0x000000000391aaf8]
Event: 6.452 Thread 0x0000000057a0e000 4146       3       java.util.stream.AbstractPipeline::isParallel (8 bytes)
Event: 6.452 Thread 0x0000000057a0e000 nmethod 4146 0x000000000391ae50 code [0x000000000391afa0, 0x000000000391b110]
Event: 6.472 Thread 0x0000000057a0e000 4147       3       sun.nio.fs.WindowsException::translateToIOException (109 bytes)
Event: 6.473 Thread 0x0000000057a0e000 nmethod 4147 0x000000000391b1d0 code [0x000000000391b420, 0x000000000391bfc8]
Event: 6.510 Thread 0x0000000057a0e000 4148       3       java.util.Iterator::forEachRemaining (30 bytes)
Event: 6.510 Thread 0x0000000057a0e000 nmethod 4148 0x000000000391c590 code [0x000000000391c740, 0x000000000391ccb8]

GC Heap History (10 events):
Event: 3.399 GC heap before
{Heap before GC invocations=4 (full 1):
 PSYoungGen      total 75264K, used 7433K [0x00000000e0000000, 0x00000000e9300000, 0x0000000100000000)
  eden space 64512K, 0% used [0x00000000e0000000,0x00000000e0000000,0x00000000e3f00000)
  from space 10752K, 69% used [0x00000000e3f00000,0x00000000e46425b0,0x00000000e4980000)
  to   space 10752K, 0% used [0x00000000e8880000,0x00000000e8880000,0x00000000e9300000)
 ParOldGen       total 172032K, used 1969K [0x00000000a0000000, 0x00000000aa800000, 0x00000000e0000000)
  object space 172032K, 1% used [0x00000000a0000000,0x00000000a01ec788,0x00000000aa800000)
 Metaspace       used 20821K, capacity 21164K, committed 21296K, reserved 1067008K
  class space    used 2802K, capacity 2913K, committed 2944K, reserved 1048576K
Event: 3.433 GC heap after
Heap after GC invocations=4 (full 1):
 PSYoungGen      total 75264K, used 0K [0x00000000e0000000, 0x00000000e9300000, 0x0000000100000000)
  eden space 64512K, 0% used [0x00000000e0000000,0x00000000e0000000,0x00000000e3f00000)
  from space 10752K, 0% used [0x00000000e3f00000,0x00000000e3f00000,0x00000000e4980000)
  to   space 10752K, 0% used [0x00000000e8880000,0x00000000e8880000,0x00000000e9300000)
 ParOldGen       total 82944K, used 7255K [0x00000000a0000000, 0x00000000a5100000, 0x00000000e0000000)
  object space 82944K, 8% used [0x00000000a0000000,0x00000000a0715f58,0x00000000a5100000)
 Metaspace       used 20821K, capacity 21164K, committed 21296K, reserved 1067008K
  class space    used 2802K, capacity 2913K, committed 2944K, reserved 1048576K
}
Event: 4.102 GC heap before
{Heap before GC invocations=5 (full 1):
 PSYoungGen      total 75264K, used 64512K [0x00000000e0000000, 0x00000000e9300000, 0x0000000100000000)
  eden space 64512K, 100% used [0x00000000e0000000,0x00000000e3f00000,0x00000000e3f00000)
  from space 10752K, 0% used [0x00000000e3f00000,0x00000000e3f00000,0x00000000e4980000)
  to   space 10752K, 0% used [0x00000000e8880000,0x00000000e8880000,0x00000000e9300000)
 ParOldGen       total 82944K, used 7255K [0x00000000a0000000, 0x00000000a5100000, 0x00000000e0000000)
  object space 82944K, 8% used [0x00000000a0000000,0x00000000a0715f58,0x00000000a5100000)
 Metaspace       used 25819K, capacity 26242K, committed 26624K, reserved 1073152K
  class space    used 3637K, capacity 3767K, committed 3840K, reserved 1048576K
Event: 4.108 GC heap after
Heap after GC invocations=5 (full 1):
 PSYoungGen      total 125952K, used 7148K [0x00000000e0000000, 0x00000000e8f80000, 0x0000000100000000)
  eden space 118784K, 0% used [0x00000000e0000000,0x00000000e0000000,0x00000000e7400000)
  from space 7168K, 99% used [0x00000000e8880000,0x00000000e8f7b1e8,0x00000000e8f80000)
  to   space 10752K, 0% used [0x00000000e7a80000,0x00000000e7a80000,0x00000000e8500000)
 ParOldGen       total 82944K, used 7263K [0x00000000a0000000, 0x00000000a5100000, 0x00000000e0000000)
  object space 82944K, 8% used [0x00000000a0000000,0x00000000a0717f58,0x00000000a5100000)
 Metaspace       used 25819K, capacity 26242K, committed 26624K, reserved 1073152K
  class space    used 3637K, capacity 3767K, committed 3840K, reserved 1048576K
}
Event: 5.431 GC heap before
{Heap before GC invocations=6 (full 1):
 PSYoungGen      total 125952K, used 125932K [0x00000000e0000000, 0x00000000e8f80000, 0x0000000100000000)
  eden space 118784K, 100% used [0x00000000e0000000,0x00000000e7400000,0x00000000e7400000)
  from space 7168K, 99% used [0x00000000e8880000,0x00000000e8f7b1e8,0x00000000e8f80000)
  to   space 10752K, 0% used [0x00000000e7a80000,0x00000000e7a80000,0x00000000e8500000)
 ParOldGen       total 82944K, used 7263K [0x00000000a0000000, 0x00000000a5100000, 0x00000000e0000000)
  object space 82944K, 8% used [0x00000000a0000000,0x00000000a0717f58,0x00000000a5100000)
 Metaspace       used 31124K, capacity 31672K, committed 32128K, reserved 1077248K
  class space    used 4297K, capacity 4449K, committed 4480K, reserved 1048576K
Event: 5.453 GC heap after
Heap after GC invocations=6 (full 1):
 PSYoungGen      total 129536K, used 9076K [0x00000000e0000000, 0x00000000e8f80000, 0x0000000100000000)
  eden space 118784K, 0% used [0x00000000e0000000,0x00000000e0000000,0x00000000e7400000)
  from space 10752K, 84% used [0x00000000e7a80000,0x00000000e835d300,0x00000000e8500000)
  to   space 7168K, 0% used [0x00000000e8880000,0x00000000e8880000,0x00000000e8f80000)
 ParOldGen       total 82944K, used 7271K [0x00000000a0000000, 0x00000000a5100000, 0x00000000e0000000)
  object space 82944K, 8% used [0x00000000a0000000,0x00000000a0719f58,0x00000000a5100000)
 Metaspace       used 31124K, capacity 31672K, committed 32128K, reserved 1077248K
  class space    used 4297K, capacity 4449K, committed 4480K, reserved 1048576K
}
Event: 5.918 GC heap before
{Heap before GC invocations=7 (full 1):
 PSYoungGen      total 129536K, used 70506K [0x00000000e0000000, 0x00000000e8f80000, 0x0000000100000000)
  eden space 118784K, 51% used [0x00000000e0000000,0x00000000e3bfd678,0x00000000e7400000)
  from space 10752K, 84% used [0x00000000e7a80000,0x00000000e835d300,0x00000000e8500000)
  to   space 7168K, 0% used [0x00000000e8880000,0x00000000e8880000,0x00000000e8f80000)
 ParOldGen       total 82944K, used 7271K [0x00000000a0000000, 0x00000000a5100000, 0x00000000e0000000)
  object space 82944K, 8% used [0x00000000a0000000,0x00000000a0719f58,0x00000000a5100000)
 Metaspace       used 34619K, capacity 35120K, committed 35456K, reserved 1079296K
  class space    used 4766K, capacity 4911K, committed 4992K, reserved 1048576K
Event: 5.929 GC heap after
Heap after GC invocations=7 (full 1):
 PSYoungGen      total 125952K, used 7160K [0x00000000e0000000, 0x00000000e8f80000, 0x0000000100000000)
  eden space 118784K, 0% used [0x00000000e0000000,0x00000000e0000000,0x00000000e7400000)
  from space 7168K, 99% used [0x00000000e8880000,0x00000000e8f7e3c0,0x00000000e8f80000)
  to   space 10752K, 0% used [0x00000000e7a80000,0x00000000e7a80000,0x00000000e8500000)
 ParOldGen       total 82944K, used 9608K [0x00000000a0000000, 0x00000000a5100000, 0x00000000e0000000)
  object space 82944K, 11% used [0x00000000a0000000,0x00000000a0962168,0x00000000a5100000)
 Metaspace       used 34619K, capacity 35120K, committed 35456K, reserved 1079296K
  class space    used 4766K, capacity 4911K, committed 4992K, reserved 1048576K
}
Event: 5.929 GC heap before
{Heap before GC invocations=8 (full 2):
 PSYoungGen      total 125952K, used 7160K [0x00000000e0000000, 0x00000000e8f80000, 0x0000000100000000)
  eden space 118784K, 0% used [0x00000000e0000000,0x00000000e0000000,0x00000000e7400000)
  from space 7168K, 99% used [0x00000000e8880000,0x00000000e8f7e3c0,0x00000000e8f80000)
  to   space 10752K, 0% used [0x00000000e7a80000,0x00000000e7a80000,0x00000000e8500000)
 ParOldGen       total 82944K, used 9608K [0x00000000a0000000, 0x00000000a5100000, 0x00000000e0000000)
  object space 82944K, 11% used [0x00000000a0000000,0x00000000a0962168,0x00000000a5100000)
 Metaspace       used 34619K, capacity 35120K, committed 35456K, reserved 1079296K
  class space    used 4766K, capacity 4911K, committed 4992K, reserved 1048576K
Event: 6.024 GC heap after
Heap after GC invocations=8 (full 2):
 PSYoungGen      total 125952K, used 0K [0x00000000e0000000, 0x00000000e8f80000, 0x0000000100000000)
  eden space 118784K, 0% used [0x00000000e0000000,0x00000000e0000000,0x00000000e7400000)
  from space 7168K, 0% used [0x00000000e8880000,0x00000000e8880000,0x00000000e8f80000)
  to   space 10752K, 0% used [0x00000000e7a80000,0x00000000e7a80000,0x00000000e8500000)
 ParOldGen       total 120320K, used 16201K [0x00000000a0000000, 0x00000000a7580000, 0x00000000e0000000)
  object space 120320K, 13% used [0x00000000a0000000,0x00000000a0fd2618,0x00000000a7580000)
 Metaspace       used 34619K, capacity 35120K, committed 35456K, reserved 1079296K
  class space    used 4766K, capacity 4911K, committed 4992K, reserved 1048576K
}

Deoptimization events (10 events):
Event: 6.071 Thread 0x000000005aaff000 Uncommon trap: reason=class_check action=maybe_recompile pc=0x0000000003431c58 method=java.util.Hashtable.put(Ljava/lang/Object;Ljava/lang/Object;)Ljava/lang/Object; @ 18
Event: 6.071 Thread 0x000000005aaff000 Uncommon trap: reason=class_check action=maybe_recompile pc=0x0000000003431c58 method=java.util.Hashtable.put(Ljava/lang/Object;Ljava/lang/Object;)Ljava/lang/Object; @ 18
Event: 6.071 Thread 0x000000005aaff000 Uncommon trap: reason=class_check action=maybe_recompile pc=0x0000000003431c58 method=java.util.Hashtable.put(Ljava/lang/Object;Ljava/lang/Object;)Ljava/lang/Object; @ 18
Event: 6.071 Thread 0x000000005aaff000 Uncommon trap: reason=class_check action=maybe_recompile pc=0x0000000003431c58 method=java.util.Hashtable.put(Ljava/lang/Object;Ljava/lang/Object;)Ljava/lang/Object; @ 18
Event: 6.071 Thread 0x000000005aaff000 Uncommon trap: reason=class_check action=maybe_recompile pc=0x000000000344b2f8 method=java.util.Hashtable.addEntry(ILjava/lang/Object;Ljava/lang/Object;I)V @ 38
Event: 6.071 Thread 0x000000005aaff000 Uncommon trap: reason=unstable_if action=reinterpret pc=0x00000000030ab56c method=java.lang.CharacterDataLatin1.isWhitespace(I)Z @ 14
Event: 6.087 Thread 0x000000005aaff000 Uncommon trap: reason=unstable_if action=reinterpret pc=0x000000000310265c method=java.security.CodeSource.getCertificates()[Ljava/security/cert/Certificate; @ 22
Event: 6.097 Thread 0x000000005aaff000 Uncommon trap: reason=unstable_if action=reinterpret pc=0x00000000035e6fac method=java.util.LinkedHashMap.get(Ljava/lang/Object;)Ljava/lang/Object; @ 20
Event: 6.179 Thread 0x000000005aaff000 Uncommon trap: reason=class_check action=maybe_recompile pc=0x00000000031da0e8 method=org.codehaus.groovy.runtime.metaclass.MetaMethodIndex.addMethodToList(Ljava/lang/Object;Lgroovy/lang/MetaMethod;)Ljava/lang/Object; @ 218
Event: 6.179 Thread 0x000000005aaff000 Uncommon trap: reason=class_check action=maybe_recompile pc=0x00000000031da0e8 method=org.codehaus.groovy.runtime.metaclass.MetaMethodIndex.addMethodToList(Ljava/lang/Object;Lgroovy/lang/MetaMethod;)Ljava/lang/Object; @ 218

Internal exceptions (10 events):
Event: 6.535 Thread 0x000000005aaff000 Exception <a 'sun/nio/fs/WindowsException'> (0x00000000e30cb690) thrown at [C:\re\workspace\8-2-build-windows-amd64-cygwin\jdk8u102\7268\hotspot\src\share\vm\prims\jni.cpp, line 709]
Event: 6.536 Thread 0x000000005aaff000 Exception <a 'sun/nio/fs/WindowsException'> (0x00000000e30d0c90) thrown at [C:\re\workspace\8-2-build-windows-amd64-cygwin\jdk8u102\7268\hotspot\src\share\vm\prims\jni.cpp, line 709]
Event: 6.536 Thread 0x000000005aaff000 Exception <a 'sun/nio/fs/WindowsException'> (0x00000000e30d1840) thrown at [C:\re\workspace\8-2-build-windows-amd64-cygwin\jdk8u102\7268\hotspot\src\share\vm\prims\jni.cpp, line 709]
Event: 6.537 Thread 0x000000005aaff000 Exception <a 'sun/nio/fs/WindowsException'> (0x00000000e30d3430) thrown at [C:\re\workspace\8-2-build-windows-amd64-cygwin\jdk8u102\7268\hotspot\src\share\vm\prims\jni.cpp, line 709]
Event: 6.537 Thread 0x000000005aaff000 Exception <a 'sun/nio/fs/WindowsException'> (0x00000000e30d4018) thrown at [C:\re\workspace\8-2-build-windows-amd64-cygwin\jdk8u102\7268\hotspot\src\share\vm\prims\jni.cpp, line 709]
Event: 6.539 Thread 0x000000005aaff000 Exception <a 'sun/nio/fs/WindowsException'> (0x00000000e30db110) thrown at [C:\re\workspace\8-2-build-windows-amd64-cygwin\jdk8u102\7268\hotspot\src\share\vm\prims\jni.cpp, line 709]
Event: 6.539 Thread 0x000000005aaff000 Exception <a 'sun/nio/fs/WindowsException'> (0x00000000e30dbce0) thrown at [C:\re\workspace\8-2-build-windows-amd64-cygwin\jdk8u102\7268\hotspot\src\share\vm\prims\jni.cpp, line 709]
Event: 6.539 Thread 0x000000005aaff000 Exception <a 'sun/nio/fs/WindowsException'> (0x00000000e30dd8f8) thrown at [C:\re\workspace\8-2-build-windows-amd64-cygwin\jdk8u102\7268\hotspot\src\share\vm\prims\jni.cpp, line 709]
Event: 6.539 Thread 0x000000005aaff000 Exception <a 'sun/nio/fs/WindowsException'> (0x00000000e30de500) thrown at [C:\re\workspace\8-2-build-windows-amd64-cygwin\jdk8u102\7268\hotspot\src\share\vm\prims\jni.cpp, line 709]
Event: 6.541 Thread 0x000000005aaff000 Exception <a 'sun/nio/fs/WindowsException'> (0x00000000e30e45b8) thrown at [C:\re\workspace\8-2-build-windows-amd64-cygwin\jdk8u102\7268\hotspot\src\share\vm\prims\jni.cpp, line 709]

Events (10 events):
Event: 6.283 loading class java/nio/file/attribute/FileAttributeView done
Event: 6.283 loading class java/nio/file/attribute/BasicFileAttributeView done
Event: 6.283 loading class sun/nio/fs/WindowsFileAttributeViews
Event: 6.283 loading class sun/nio/fs/WindowsFileAttributeViews done
Event: 6.283 loading class sun/nio/fs/WindowsFileAttributeViews$Basic
Event: 6.283 loading class sun/nio/fs/AbstractBasicFileAttributeView
Event: 6.283 loading class sun/nio/fs/DynamicFileAttributeView
Event: 6.283 loading class sun/nio/fs/DynamicFileAttributeView done
Event: 6.283 loading class sun/nio/fs/AbstractBasicFileAttributeView done
Event: 6.283 loading class sun/nio/fs/WindowsFileAttributeViews$Basic done


Dynamic libraries:
0x000000013f2a0000 - 0x000000013f2d7000 	C:\Program Files\Java\jdk1.8.0_102\bin\java.exe
0x00000000771c0000 - 0x000000007736a000 	C:\windows\SYSTEM32\ntdll.dll
0x0000000076fa0000 - 0x00000000770bf000 	C:\windows\system32\kernel32.dll
0x000007fefcf40000 - 0x000007fefcfaa000 	C:\windows\system32\KERNELBASE.dll
0x000007fefd3f0000 - 0x000007fefd4cb000 	C:\windows\system32\ADVAPI32.dll
0x000007fefd4d0000 - 0x000007fefd56f000 	C:\windows\system32\msvcrt.dll
0x000007fefd5e0000 - 0x000007fefd5ff000 	C:\windows\SYSTEM32\sechost.dll
0x000007fefde90000 - 0x000007fefdfbd000 	C:\windows\system32\RPCRT4.dll
0x00000000770c0000 - 0x00000000771ba000 	C:\windows\system32\USER32.dll
0x000007fefd570000 - 0x000007fefd5d7000 	C:\windows\system32\GDI32.dll
0x000007feff4c0000 - 0x000007feff4ce000 	C:\windows\system32\LPK.dll
0x000007fefd810000 - 0x000007fefd8da000 	C:\windows\system32\USP10.dll
0x000007fefabe0000 - 0x000007fefadd4000 	C:\windows\WinSxS\amd64_microsoft.windows.common-controls_6595b64144ccf1df_6.0.7601.18837_none_fa3b1e3d17594757\COMCTL32.dll
0x000007fefdc10000 - 0x000007fefdc81000 	C:\windows\system32\SHLWAPI.dll
0x000007fefd3c0000 - 0x000007fefd3ee000 	C:\windows\system32\IMM32.DLL
0x000007fefd2b0000 - 0x000007fefd3b9000 	C:\windows\system32\MSCTF.dll
0x000007fedaa80000 - 0x000007fedab27000 	C:\Program Files\McAfee\Host Intrusion Prevention\HcApi.dll
0x0000000072ea0000 - 0x0000000072eab000 	C:\Program Files\McAfee\Host Intrusion Prevention\HcThe.dll
0x0000000078bb0000 - 0x0000000078c81000 	C:\Program Files\Java\jdk1.8.0_102\jre\bin\msvcr100.dll
0x000000006fdf0000 - 0x000000007068a000 	C:\Program Files\Java\jdk1.8.0_102\jre\bin\server\jvm.dll
0x000007fef5aa0000 - 0x000007fef5aa9000 	C:\windows\system32\WSOCK32.dll
0x0000000000170000 - 0x00000000001bd000 	C:\windows\system32\WS2_32.dll
0x000007fefdac0000 - 0x000007fefdac8000 	C:\windows\system32\NSI.dll
0x000007fefa500000 - 0x000007fefa53b000 	C:\windows\system32\WINMM.dll
0x000007fefc720000 - 0x000007fefc72c000 	C:\windows\system32\VERSION.dll
0x0000000077390000 - 0x0000000077397000 	C:\windows\system32\PSAPI.DLL
0x0000000000650000 - 0x000000000065f000 	C:\Program Files\Java\jdk1.8.0_102\jre\bin\verify.dll
0x000000006d5c0000 - 0x000000006d5e9000 	C:\Program Files\Java\jdk1.8.0_102\jre\bin\java.dll
0x0000000001c30000 - 0x0000000001c46000 	C:\Program Files\Java\jdk1.8.0_102\jre\bin\zip.dll
0x000007fefe100000 - 0x000007fefee89000 	C:\windows\system32\SHELL32.dll
0x000007fefd600000 - 0x000007fefd803000 	C:\windows\system32\ole32.dll
0x000007fefcf00000 - 0x000007fefcf0f000 	C:\windows\system32\profapi.dll
0x0000000001c80000 - 0x0000000001c9a000 	C:\Program Files\Java\jdk1.8.0_102\jre\bin\net.dll
0x000007fefc140000 - 0x000007fefc195000 	C:\windows\system32\mswsock.dll
0x000007fefc130000 - 0x000007fefc137000 	C:\windows\System32\wship6.dll
0x000000006f670000 - 0x000000006f681000 	C:\Program Files\Java\jdk1.8.0_102\jre\bin\nio.dll
0x000007feee330000 - 0x000007feee342000 	C:\Users\eswanepo1\.gradle\native\19\windows-amd64\native-platform.dll
0x000007fefc1a0000 - 0x000007fefc1b8000 	C:\windows\system32\CRYPTSP.dll
0x000007fefbbf0000 - 0x000007fefbc37000 	C:\windows\system32\rsaenh.dll
0x000007fefcf10000 - 0x000007fefcf2e000 	C:\windows\system32\USERENV.dll
0x000007fefcd30000 - 0x000007fefcd3f000 	C:\windows\system32\CRYPTBASE.dll
0x000007fefa080000 - 0x000007fefa0a7000 	C:\windows\system32\IPHLPAPI.DLL
0x000007fefa070000 - 0x000007fefa07b000 	C:\windows\system32\WINNSI.DLL
0x000007fef9660000 - 0x000007fef9678000 	C:\windows\system32\dhcpcsvc.DLL
0x000007fef9620000 - 0x000007fef9631000 	C:\windows\system32\dhcpcsvc6.DLL
0x000000006fdd0000 - 0x000000006fddd000 	C:\Program Files\Java\jdk1.8.0_102\jre\bin\management.dll
0x000007fefcde0000 - 0x000007fefce37000 	C:\windows\system32\apphelp.dll

VM Arguments:
jvm_args: -Xmx1536m -Dfile.encoding=windows-1252 -Duser.country=US -Duser.language=en -Duser.variant 
java_command: org.gradle.launcher.daemon.bootstrap.GradleDaemon 2.14.1
java_class_path (initial): C:\Users\eswanepo1\.gradle\wrapper\dists\gradle-2.14.1-all\8bnwg5hd3w55iofp58khbp6yv\gradle-2.14.1\lib\gradle-launcher-2.14.1.jar
Launcher Type: SUN_STANDARD

Environment Variables:
JAVA_HOME=C:\Program Files\Java\jdk1.7.0_79
PATH=C:\ProgramData\Oracle\Java\javapath;C:\Python27\;c:\Program Files\RSA SecurID Token Common;C:\windows\system32;C:\windows;C:\windows\System32\Wbem;C:\windows\System32\WindowsPowerShell\v1.0\;C:\windows\System32\WindowsPowerShell\v1.0\;C:\windows\System32\WindowsPowerShell\v1.0\;C:\Program Files (x86)\Common Files\Check Point\UIFramework 3.0\Bin\;C:\Program Files (x86)\CheckPoint\Endpoint Security\Endpoint Common\bin;C:\Program Files (x86)\WebEx\Productivity Tools;C:\Python27;C:\Program Files (x86)\Inno Setup 5;C:\dev\apache-maven-3.1.1\bin;C:\dev\apache-ant-1.9.7\bin;C:\Program Files\TortoiseSVN\bin;C:\Program Files\Java\jdk1.7.0_79\bin;C:\Program Files (x86)\Microsoft SQL Server\110\Tools\Binn\;C:\Program Files\Microsoft SQL Server\110\Tools\Binn\;C:\Program Files\Microsoft SQL Server\110\DTS\Binn\;C:\Program Files (x86)\Microsoft SQL Server\110\Tools\Binn\ManagementStudio\;C:\Program Files (x86)\Microsoft SQL Server\110\DTS\Binn\;C:\ws\bin;C:\dev\ConEmu;C:\dev\cmd;C:\Program Files (x86)\GtkSharp\2.12\bin;C:\Program Files\Intel\WiFi\bin\;C:\Program Files\Common Files\Intel\WirelessCommon\;C:\Program Files\Intel\WiFi\bin\;C:\Program Files\Common Files\Intel\WirelessCommon\
USERNAME=eswanepo1
OS=Windows_NT
PROCESSOR_IDENTIFIER=Intel64 Family 6 Model 60 Stepping 3, GenuineIntel



---------------  S Y S T E M  ---------------

OS: Windows 7 , 64 bit Build 7601 (6.1.7601.23569)

CPU:total 8 (4 cores per cpu, 2 threads per core) family 6 model 60 stepping 3, cmov, cx8, fxsr, mmx, sse, sse2, sse3, ssse3, sse4.1, sse4.2, popcnt, avx, avx2, aes, clmul, erms, lzcnt, ht, tsc, tscinvbit, bmi1, bmi2

Memory: 4k page, physical 16454240k(452824k free), swap 20218168k(6396k free)

vm_info: Java HotSpot(TM) 64-Bit Server VM (25.102-b14) for windows-amd64 JRE (1.8.0_102-b14), built on Jun 22 2016 13:15:21 by "java_re" with MS VC++ 10.0 (VS2010)

time: Mon Nov 28 09:15:12 2016
elapsed time: 6 seconds (0d 0h 0m 6s)

